# JRE version: OpenJDK Runtime Environment (21.0.7) (build 21.0.7+-13880790-b1038.58)
# Java VM: OpenJDK 64-Bit Server VM (21.0.7+-13880790-b1038.58, mixed mode, tiered, compressed oops, compressed class ptrs, g1 gc, linux-amd64)
GC Precious Log:
 CardTable entry size: 512
 Card Set container configuration: InlinePtr #cards 4 size 8 Array Of Cards #cards 32 size 80 Howl #buckets 8 coarsen threshold 7372 Howl Bitmap #cards 1024 size 144 coarsen threshold 921 Card regions per heap region 1 cards per card region 8192
 CPUs: 16 total, 16 available
 Memory: 30867M
 Large Page Support: Disabled
 NUMA Support: Disabled
 Compressed Oops: Enabled (Zero based)
 Heap Region Size: 4M
 Heap Min Capacity: 8M
 Heap Initial Capacity: 484M
 Heap Max Capacity: 7720M
 Pre-touch: Disabled
 Parallel Workers: 13
 Concurrent Workers: 3
 Concurrent Refinement Workers: 13
 Periodic GC: Disabled
Heap:
 garbage-first heap   total 57344K, used 16405K [0x000000061d800000, 0x0000000800000000)
  region size 4096K, 2 young (8192K), 1 survivors (4096K)
 Metaspace       used 52054K, committed 52608K, reserved 1114112K
  class space    used 5022K, committed 5248K, reserved 1048576K
GC Heap History (20 events):
Event: 790.496 GC heap before
{Heap before GC invocations=22 (full 1):
 garbage-first heap   total 57344K, used 48627K [0x000000061d800000, 0x0000000800000000)
  region size 4096K, 8 young (32768K), 0 survivors (0K)
 Metaspace       used 50991K, committed 51584K, reserved 1114112K
  class space    used 5016K, committed 5248K, reserved 1048576K
}
Event: 790.497 GC heap after
{Heap after GC invocations=23 (full 1):
 garbage-first heap   total 57344K, used 16799K [0x000000061d800000, 0x0000000800000000)
  region size 4096K, 1 young (4096K), 1 survivors (4096K)
 Metaspace       used 50991K, committed 51584K, reserved 1114112K
  class space    used 5016K, committed 5248K, reserved 1048576K
}
Event: 802.263 GC heap before
{Heap before GC invocations=23 (full 1):
 garbage-first heap   total 57344K, used 41375K [0x000000061d800000, 0x0000000800000000)
  region size 4096K, 7 young (28672K), 1 survivors (4096K)
 Metaspace       used 51357K, committed 51968K, reserved 1114112K
  class space    used 5016K, committed 5248K, reserved 1048576K
}
Event: 802.265 GC heap after
{Heap after GC invocations=24 (full 1):
 garbage-first heap   total 57344K, used 16430K [0x000000061d800000, 0x0000000800000000)
  region size 4096K, 1 young (4096K), 1 survivors (4096K)
 Metaspace       used 51357K, committed 51968K, reserved 1114112K
  class space    used 5016K, committed 5248K, reserved 1048576K
}
Event: 816.105 GC heap before
{Heap before GC invocations=24 (full 1):
 garbage-first heap   total 57344K, used 41006K [0x000000061d800000, 0x0000000800000000)
  region size 4096K, 7 young (28672K), 1 survivors (4096K)
 Metaspace       used 51726K, committed 52288K, reserved 1114112K
  class space    used 5016K, committed 5248K, reserved 1048576K
}
Event: 816.107 GC heap after
{Heap after GC invocations=25 (full 1):
 garbage-first heap   total 57344K, used 16412K [0x000000061d800000, 0x0000000800000000)
  region size 4096K, 1 young (4096K), 1 survivors (4096K)
 Metaspace       used 51726K, committed 52288K, reserved 1114112K
  class space    used 5016K, committed 5248K, reserved 1048576K
}
Event: 862.799 GC heap before
{Heap before GC invocations=25 (full 1):
 garbage-first heap   total 57344K, used 24604K [0x000000061d800000, 0x0000000800000000)
  region size 4096K, 4 young (16384K), 1 survivors (4096K)
 Metaspace       used 51748K, committed 52288K, reserved 1114112K
  class space    used 5016K, committed 5248K, reserved 1048576K
}
Event: 862.802 GC heap after
{Heap after GC invocations=26 (full 1):
 garbage-first heap   total 57344K, used 16243K [0x000000061d800000, 0x0000000800000000)
  region size 4096K, 1 young (4096K), 1 survivors (4096K)
 Metaspace       used 51748K, committed 52288K, reserved 1114112K
  class space    used 5016K, committed 5248K, reserved 1048576K
}
Event: 880.556 GC heap before
{Heap before GC invocations=27 (full 1):
 garbage-first heap   total 57344K, used 40819K [0x000000061d800000, 0x0000000800000000)
  region size 4096K, 7 young (28672K), 1 survivors (4096K)
 Metaspace       used 51779K, committed 52352K, reserved 1114112K
  class space    used 5017K, committed 5248K, reserved 1048576K
}
Event: 880.557 GC heap after
{Heap after GC invocations=28 (full 1):
 garbage-first heap   total 57344K, used 16258K [0x000000061d800000, 0x0000000800000000)
  region size 4096K, 1 young (4096K), 1 survivors (4096K)
 Metaspace       used 51779K, committed 52352K, reserved 1114112K
  class space    used 5017K, committed 5248K, reserved 1048576K
}
Event: 902.026 GC heap before
{Heap before GC invocations=28 (full 1):
 garbage-first heap   total 57344K, used 40834K [0x000000061d800000, 0x0000000800000000)
  region size 4096K, 7 young (28672K), 1 survivors (4096K)
 Metaspace       used 51833K, committed 52416K, reserved 1114112K
  class space    used 5019K, committed 5248K, reserved 1048576K
}
Event: 902.028 GC heap after
{Heap after GC invocations=29 (full 1):
 garbage-first heap   total 57344K, used 16267K [0x000000061d800000, 0x0000000800000000)
  region size 4096K, 1 young (4096K), 1 survivors (4096K)
 Metaspace       used 51833K, committed 52416K, reserved 1114112K
  class space    used 5019K, committed 5248K, reserved 1048576K
}
Event: 902.567 GC heap before
{Heap before GC invocations=29 (full 1):
 garbage-first heap   total 57344K, used 20363K [0x000000061d800000, 0x0000000800000000)
  region size 4096K, 3 young (12288K), 1 survivors (4096K)
 Metaspace       used 51833K, committed 52416K, reserved 1114112K
  class space    used 5019K, committed 5248K, reserved 1048576K
}
Event: 902.782 GC heap after
{Heap after GC invocations=30 (full 2):
 garbage-first heap   total 57344K, used 16118K [0x000000061d800000, 0x0000000800000000)
  region size 4096K, 0 young (0K), 0 survivors (0K)
 Metaspace       used 51833K, committed 52416K, reserved 1114112K
  class space    used 5019K, committed 5248K, reserved 1048576K
}
Event: 919.483 GC heap before
{Heap before GC invocations=30 (full 2):
 garbage-first heap   total 57344K, used 48886K [0x000000061d800000, 0x0000000800000000)
  region size 4096K, 8 young (32768K), 0 survivors (0K)
 Metaspace       used 51961K, committed 52480K, reserved 1114112K
  class space    used 5021K, committed 5248K, reserved 1048576K
}
Event: 919.485 GC heap after
{Heap after GC invocations=31 (full 2):
 garbage-first heap   total 57344K, used 16532K [0x000000061d800000, 0x0000000800000000)
  region size 4096K, 1 young (4096K), 1 survivors (4096K)
 Metaspace       used 51961K, committed 52480K, reserved 1114112K
  class space    used 5021K, committed 5248K, reserved 1048576K
}
Event: 960.685 GC heap before
{Heap before GC invocations=31 (full 2):
 garbage-first heap   total 57344K, used 45204K [0x000000061d800000, 0x0000000800000000)
  region size 4096K, 8 young (32768K), 1 survivors (4096K)
 Metaspace       used 52034K, committed 52608K, reserved 1114112K
  class space    used 5021K, committed 5248K, reserved 1048576K
}
Event: 960.686 GC heap after
{Heap after GC invocations=32 (full 2):
 garbage-first heap   total 57344K, used 16522K [0x000000061d800000, 0x0000000800000000)
  region size 4096K, 1 young (4096K), 1 survivors (4096K)
 Metaspace       used 52034K, committed 52608K, reserved 1114112K
  class space    used 5021K, committed 5248K, reserved 1048576K
}
Event: 984.350 GC heap before
{Heap before GC invocations=32 (full 2):
 garbage-first heap   total 57344K, used 20618K [0x000000061d800000, 0x0000000800000000)
  region size 4096K, 3 young (12288K), 1 survivors (4096K)
 Metaspace       used 52054K, committed 52608K, reserved 1114112K
  class space    used 5022K, committed 5248K, reserved 1048576K
}
Event: 984.351 GC heap after
{Heap after GC invocations=33 (full 2):
 garbage-first heap   total 57344K, used 16405K [0x000000061d800000, 0x0000000800000000)
  region size 4096K, 1 young (4096K), 1 survivors (4096K)
 Metaspace       used 52054K, committed 52608K, reserved 1114112K
  class space    used 5022K, committed 5248K, reserved 1048576K
}

